2015-11-10 15:26:56 10fc InnoDB: Warning: Using innodb_additional_mem_pool_size is DEPRECATED. This option may be removed in future releases, together with the option innodb_use_sys_malloc and with the InnoDB's internal memory allocator.
2015-11-10 15:26:56 4348 [Note] InnoDB: Using mutexes to ref count buffer pool pages
2015-11-10 15:26:56 4348 [Note] InnoDB: The InnoDB memory heap is disabled
2015-11-10 15:26:56 4348 [Note] InnoDB: Mutexes and rw_locks use Windows interlocked functions
2015-11-10 15:26:56 4348 [Note] InnoDB: Memory barrier is not used
2015-11-10 15:26:56 4348 [Note] InnoDB: Compressed tables use zlib 1.2.3
2015-11-10 15:26:56 4348 [Note] InnoDB: Not using CPU crc32 instructions
2015-11-10 15:26:56 4348 [Note] InnoDB: Initializing buffer pool, size = 16.0M
2015-11-10 15:26:56 4348 [Note] InnoDB: Completed initialization of buffer pool
2015-11-10 15:26:56 4348 [Note] InnoDB: Highest supported file format is Barracuda.
2015-11-10 15:26:57 4348 [Note] InnoDB: 128 rollback segment(s) are active.
2015-11-10 15:26:57 4348 [Note] InnoDB: Waiting for purge to start
2015-11-10 15:26:57 4348 [Note] InnoDB:  Percona XtraDB (http://www.percona.com) 5.6.26-74.0 started; log sequence number 1835027
2015-11-10 15:26:57 6140 [Note] InnoDB: Dumping buffer pool(s) not yet started
2015-11-10 15:26:57 4348 [Note] Plugin 'FEEDBACK' is disabled.
2015-11-10 15:26:57 4348 [Note] Server socket created on IP: '::'.
2015-11-10 15:26:57 4348 [Note] Event Scheduler: Loaded 0 events
2015-11-10 15:26:57 4348 [Note] C:\xampp\mysql\bin\mysqld.exe: ready for connections.
Version: '10.1.8-MariaDB'  socket: ''  port: 3306  mariadb.org binary distribution
2015-11-10 15:27:11 5152 [Note] C:\xampp\mysql\bin\mysqld.exe: Normal shutdown

2015-11-10 15:27:11 5152 [Note] Event Scheduler: Purging the queue. 0 events
2015-11-10 15:27:11 5732 [Note] InnoDB: FTS optimize thread exiting.
2015-11-10 15:27:11 5152 [Note] InnoDB: Starting shutdown...
2015-11-10 15:27:13 5152 [Note] InnoDB: Shutdown completed; log sequence number 1835037
2015-11-10 15:27:13 5152 [Note] C:\xampp\mysql\bin\mysqld.exe: Shutdown complete

2017-11-15 17:28:17 327c InnoDB: Warning: Using innodb_additional_mem_pool_size is DEPRECATED. This option may be removed in future releases, together with the option innodb_use_sys_malloc and with the InnoDB's internal memory allocator.
2017-11-15 17:28:17 12924 [Note] InnoDB: innodb_empty_free_list_algorithm has been changed to legacy because of small buffer pool size. In order to use backoff, increase buffer pool at least up to 20MB.

2017-11-15 17:28:17 12924 [Note] InnoDB: Using mutexes to ref count buffer pool pages
2017-11-15 17:28:17 12924 [Note] InnoDB: The InnoDB memory heap is disabled
2017-11-15 17:28:17 12924 [Note] InnoDB: Mutexes and rw_locks use Windows interlocked functions
2017-11-15 17:28:17 12924 [Note] InnoDB: _mm_lfence() and _mm_sfence() are used for memory barrier
2017-11-15 17:28:17 12924 [Note] InnoDB: Compressed tables use zlib 1.2.3
2017-11-15 17:28:18 12924 [Note] InnoDB: Using generic crc32 instructions
2017-11-15 17:28:18 12924 [Note] InnoDB: Initializing buffer pool, size = 16.0M
2017-11-15 17:28:18 12924 [Note] InnoDB: Completed initialization of buffer pool
2017-11-15 17:28:18 12924 [Note] InnoDB: Highest supported file format is Barracuda.
2017-11-15 17:28:18 12924 [Note] InnoDB: 128 rollback segment(s) are active.
2017-11-15 17:28:18 12924 [Note] InnoDB: Waiting for purge to start
2017-11-15 17:28:18 12924 [Note] InnoDB:  Percona XtraDB (http://www.percona.com) 5.6.36-82.2 started; log sequence number 1835037
2017-11-15 17:28:19 13220 [Note] InnoDB: Dumping buffer pool(s) not yet started
2017-11-15 17:28:19 12924 [Note] Plugin 'FEEDBACK' is disabled.
2017-11-15 17:28:19 12924 [Note] Server socket created on IP: '::'.
2017-11-15 17:28:19 12924 [Note] c:\xampp\mysql\bin\mysqld.exe: ready for connections.
Version: '10.1.28-MariaDB'  socket: ''  port: 3306  mariadb.org binary distribution
2017-11-20 19:34:00 19f8 InnoDB: Warning: Using innodb_additional_mem_pool_size is DEPRECATED. This option may be removed in future releases, together with the option innodb_use_sys_malloc and with the InnoDB's internal memory allocator.
2017-11-20 19:34:00 6648 [Note] InnoDB: innodb_empty_free_list_algorithm has been changed to legacy because of small buffer pool size. In order to use backoff, increase buffer pool at least up to 20MB.

2017-11-20 19:34:00 6648 [Note] InnoDB: Using mutexes to ref count buffer pool pages
2017-11-20 19:34:00 6648 [Note] InnoDB: The InnoDB memory heap is disabled
2017-11-20 19:34:00 6648 [Note] InnoDB: Mutexes and rw_locks use Windows interlocked functions
2017-11-20 19:34:00 6648 [Note] InnoDB: _mm_lfence() and _mm_sfence() are used for memory barrier
2017-11-20 19:34:00 6648 [Note] InnoDB: Compressed tables use zlib 1.2.3
2017-11-20 19:34:00 6648 [Note] InnoDB: Using generic crc32 instructions
2017-11-20 19:34:00 6648 [Note] InnoDB: Initializing buffer pool, size = 16.0M
2017-11-20 19:34:00 6648 [Note] InnoDB: Completed initialization of buffer pool
2017-11-20 19:34:00 6648 [Note] InnoDB: Highest supported file format is Barracuda.
2017-11-20 19:34:00 6648 [Note] InnoDB: The log sequence number 1835037 in ibdata file do not match the log sequence number 1835047 in the ib_logfiles!
2017-11-20 19:34:01 6648 [Note] InnoDB: Restoring possible half-written data pages from the doublewrite buffer...
2017-11-20 19:34:01 6648 [Note] InnoDB: 128 rollback segment(s) are active.
2017-11-20 19:34:01 6648 [Note] InnoDB: Waiting for purge to start
2017-11-20 19:34:02 6648 [Note] InnoDB:  Percona XtraDB (http://www.percona.com) 5.6.36-82.2 started; log sequence number 1835047
2017-11-20 19:34:02 120 [Note] InnoDB: Dumping buffer pool(s) not yet started
2017-11-20 19:34:02 6648 [Note] Plugin 'FEEDBACK' is disabled.
2017-11-20 19:34:02 6648 [Note] Server socket created on IP: '::'.
2017-11-20 19:34:02 6648 [Note] c:\xampp\mysql\bin\mysqld.exe: ready for connections.
Version: '10.1.28-MariaDB'  socket: ''  port: 3306  mariadb.org binary distribution
2018-02-19 01:04:31 1874 InnoDB: Warning: Using innodb_additional_mem_pool_size is DEPRECATED. This option may be removed in future releases, together with the option innodb_use_sys_malloc and with the InnoDB's internal memory allocator.
2018-02-19  1:04:31 6260 [Note] InnoDB: innodb_empty_free_list_algorithm has been changed to legacy because of small buffer pool size. In order to use backoff, increase buffer pool at least up to 20MB.

2018-02-19  1:04:31 6260 [Note] InnoDB: Using mutexes to ref count buffer pool pages
2018-02-19  1:04:31 6260 [Note] InnoDB: The InnoDB memory heap is disabled
2018-02-19  1:04:31 6260 [Note] InnoDB: Mutexes and rw_locks use Windows interlocked functions
2018-02-19  1:04:31 6260 [Note] InnoDB: _mm_lfence() and _mm_sfence() are used for memory barrier
2018-02-19  1:04:31 6260 [Note] InnoDB: Compressed tables use zlib 1.2.3
2018-02-19  1:04:31 6260 [Note] InnoDB: Using generic crc32 instructions
2018-02-19  1:04:31 6260 [Note] InnoDB: Initializing buffer pool, size = 16.0M
2018-02-19  1:04:31 6260 [Note] InnoDB: Completed initialization of buffer pool
2018-02-19  1:04:31 6260 [Note] InnoDB: Highest supported file format is Barracuda.
2018-02-19  1:04:31 6260 [Note] InnoDB: The log sequence number 1835037 in ibdata file do not match the log sequence number 1835057 in the ib_logfiles!
2018-02-19  1:04:32 6260 [Note] InnoDB: Restoring possible half-written data pages from the doublewrite buffer...
2018-02-19  1:04:33 6260 [Note] InnoDB: 128 rollback segment(s) are active.
2018-02-19  1:04:33 6260 [Note] InnoDB: Waiting for purge to start
2018-02-19  1:04:33 6260 [Note] InnoDB:  Percona XtraDB (http://www.percona.com) 5.6.36-82.2 started; log sequence number 1835057
2018-02-19  1:04:33 11268 [Note] InnoDB: Dumping buffer pool(s) not yet started
2018-02-19  1:04:33 6260 [Note] Plugin 'FEEDBACK' is disabled.
2018-02-19  1:04:33 6260 [Note] Server socket created on IP: '::'.
2018-02-19  1:04:34 6260 [Note] c:\xampp\mysql\bin\mysqld.exe: ready for connections.
Version: '10.1.28-MariaDB'  socket: ''  port: 3306  mariadb.org binary distribution
2018-02-19 01:04:44 1fbc InnoDB: Warning: Using innodb_additional_mem_pool_size is DEPRECATED. This option may be removed in future releases, together with the option innodb_use_sys_malloc and with the InnoDB's internal memory allocator.
2018-02-19  1:04:44 8124 [Note] InnoDB: innodb_empty_free_list_algorithm has been changed to legacy because of small buffer pool size. In order to use backoff, increase buffer pool at least up to 20MB.

2018-02-19  1:04:44 8124 [Note] InnoDB: Using mutexes to ref count buffer pool pages
2018-02-19  1:04:44 8124 [Note] InnoDB: The InnoDB memory heap is disabled
2018-02-19  1:04:44 8124 [Note] InnoDB: Mutexes and rw_locks use Windows interlocked functions
2018-02-19  1:04:44 8124 [Note] InnoDB: _mm_lfence() and _mm_sfence() are used for memory barrier
2018-02-19  1:04:44 8124 [Note] InnoDB: Compressed tables use zlib 1.2.3
2018-02-19  1:04:44 8124 [Note] InnoDB: Using generic crc32 instructions
2018-02-19  1:04:44 8124 [Note] InnoDB: Initializing buffer pool, size = 16.0M
2018-02-19  1:04:44 8124 [Note] InnoDB: Completed initialization of buffer pool
2018-02-19  1:04:44 8124 [Note] InnoDB: Highest supported file format is Barracuda.
2018-02-19  1:04:44 8124 [Note] InnoDB: The log sequence number 1835037 in ibdata file do not match the log sequence number 1835067 in the ib_logfiles!
2018-02-19  1:04:44 8124 [Note] InnoDB: Restoring possible half-written data pages from the doublewrite buffer...
2018-02-19  1:04:45 8124 [Note] InnoDB: 128 rollback segment(s) are active.
2018-02-19  1:04:45 8124 [Note] InnoDB: Waiting for purge to start
2018-02-19  1:04:45 8124 [Note] InnoDB:  Percona XtraDB (http://www.percona.com) 5.6.36-82.2 started; log sequence number 1835067
2018-02-19  1:04:45 11920 [Note] InnoDB: Dumping buffer pool(s) not yet started
2018-02-19  1:04:45 8124 [Note] Plugin 'FEEDBACK' is disabled.
2018-02-19  1:04:45 8124 [Note] Server socket created on IP: '::'.
2018-02-19  1:04:45 8124 [Note] c:\xampp\mysql\bin\mysqld.exe: ready for connections.
Version: '10.1.28-MariaDB'  socket: ''  port: 3306  mariadb.org binary distribution
2018-02-19 02:05:39 37f4 InnoDB: Warning: Using innodb_additional_mem_pool_size is DEPRECATED. This option may be removed in future releases, together with the option innodb_use_sys_malloc and with the InnoDB's internal memory allocator.
2018-02-19  2:05:39 14324 [Note] InnoDB: innodb_empty_free_list_algorithm has been changed to legacy because of small buffer pool size. In order to use backoff, increase buffer pool at least up to 20MB.

2018-02-19  2:05:39 14324 [Note] InnoDB: Using mutexes to ref count buffer pool pages
2018-02-19  2:05:39 14324 [Note] InnoDB: The InnoDB memory heap is disabled
2018-02-19  2:05:39 14324 [Note] InnoDB: Mutexes and rw_locks use Windows interlocked functions
2018-02-19  2:05:39 14324 [Note] InnoDB: _mm_lfence() and _mm_sfence() are used for memory barrier
2018-02-19  2:05:39 14324 [Note] InnoDB: Compressed tables use zlib 1.2.3
2018-02-19  2:05:39 14324 [Note] InnoDB: Using generic crc32 instructions
2018-02-19  2:05:39 14324 [Note] InnoDB: Initializing buffer pool, size = 16.0M
2018-02-19  2:05:39 14324 [Note] InnoDB: Completed initialization of buffer pool
2018-02-19  2:05:40 14324 [Note] InnoDB: Highest supported file format is Barracuda.
2018-02-19  2:05:40 14324 [Note] InnoDB: The log sequence number 1835037 in ibdata file do not match the log sequence number 1835077 in the ib_logfiles!
2018-02-19  2:05:40 14324 [Note] InnoDB: Restoring possible half-written data pages from the doublewrite buffer...
2018-02-19  2:05:41 14324 [Note] InnoDB: 128 rollback segment(s) are active.
2018-02-19  2:05:41 14324 [Note] InnoDB: Waiting for purge to start
2018-02-19  2:05:41 14324 [Note] InnoDB:  Percona XtraDB (http://www.percona.com) 5.6.36-82.2 started; log sequence number 1835077
2018-02-19  2:05:41 13364 [Note] InnoDB: Dumping buffer pool(s) not yet started
2018-02-19  2:05:41 14324 [Note] Plugin 'FEEDBACK' is disabled.
2018-02-19  2:05:41 14324 [Note] Server socket created on IP: '::'.
2018-02-19  2:05:41 14324 [Note] c:\xampp\mysql\bin\mysqld.exe: ready for connections.
Version: '10.1.28-MariaDB'  socket: ''  port: 3306  mariadb.org binary distribution
2018-02-19 02:05:53 2ad4 InnoDB: Warning: Using innodb_additional_mem_pool_size is DEPRECATED. This option may be removed in future releases, together with the option innodb_use_sys_malloc and with the InnoDB's internal memory allocator.
2018-02-19  2:05:53 10964 [Note] InnoDB: innodb_empty_free_list_algorithm has been changed to legacy because of small buffer pool size. In order to use backoff, increase buffer pool at least up to 20MB.

2018-02-19  2:05:53 10964 [Note] InnoDB: Using mutexes to ref count buffer pool pages
2018-02-19  2:05:53 10964 [Note] InnoDB: The InnoDB memory heap is disabled
2018-02-19  2:05:53 10964 [Note] InnoDB: Mutexes and rw_locks use Windows interlocked functions
2018-02-19  2:05:53 10964 [Note] InnoDB: _mm_lfence() and _mm_sfence() are used for memory barrier
2018-02-19  2:05:53 10964 [Note] InnoDB: Compressed tables use zlib 1.2.3
2018-02-19  2:05:53 10964 [Note] InnoDB: Using generic crc32 instructions
2018-02-19  2:05:53 10964 [Note] InnoDB: Initializing buffer pool, size = 16.0M
2018-02-19  2:05:53 10964 [Note] InnoDB: Completed initialization of buffer pool
2018-02-19  2:05:54 10964 [Note] InnoDB: Highest supported file format is Barracuda.
2018-02-19  2:05:54 10964 [Note] InnoDB: The log sequence number 1835037 in ibdata file do not match the log sequence number 1835087 in the ib_logfiles!
2018-02-19  2:05:54 10964 [Note] InnoDB: Restoring possible half-written data pages from the doublewrite buffer...
2018-02-19  2:05:55 10964 [Note] InnoDB: 128 rollback segment(s) are active.
2018-02-19  2:05:55 10964 [Note] InnoDB: Waiting for purge to start
2018-02-19  2:05:55 10964 [Note] InnoDB:  Percona XtraDB (http://www.percona.com) 5.6.36-82.2 started; log sequence number 1835087
2018-02-19  2:05:55 12304 [Note] InnoDB: Dumping buffer pool(s) not yet started
2018-02-19  2:05:55 10964 [Note] Plugin 'FEEDBACK' is disabled.
2018-02-19  2:05:55 10964 [Note] Server socket created on IP: '::'.
2018-02-19  2:05:55 10964 [Note] c:\xampp\mysql\bin\mysqld.exe: ready for connections.
Version: '10.1.28-MariaDB'  socket: ''  port: 3306  mariadb.org binary distribution
2018-02-19 02:07:25 12f8 InnoDB: Warning: Using innodb_additional_mem_pool_size is DEPRECATED. This option may be removed in future releases, together with the option innodb_use_sys_malloc and with the InnoDB's internal memory allocator.
2018-02-19  2:07:25 4856 [Note] InnoDB: innodb_empty_free_list_algorithm has been changed to legacy because of small buffer pool size. In order to use backoff, increase buffer pool at least up to 20MB.

2018-02-19  2:07:25 4856 [Note] InnoDB: Using mutexes to ref count buffer pool pages
2018-02-19  2:07:25 4856 [Note] InnoDB: The InnoDB memory heap is disabled
2018-02-19  2:07:25 4856 [Note] InnoDB: Mutexes and rw_locks use Windows interlocked functions
2018-02-19  2:07:25 4856 [Note] InnoDB: _mm_lfence() and _mm_sfence() are used for memory barrier
2018-02-19  2:07:25 4856 [Note] InnoDB: Compressed tables use zlib 1.2.3
2018-02-19  2:07:25 4856 [Note] InnoDB: Using generic crc32 instructions
2018-02-19  2:07:25 4856 [Note] InnoDB: Initializing buffer pool, size = 16.0M
2018-02-19  2:07:25 4856 [Note] InnoDB: Completed initialization of buffer pool
2018-02-19  2:07:25 4856 [Note] InnoDB: Highest supported file format is Barracuda.
2018-02-19  2:07:25 4856 [Note] InnoDB: The log sequence number 1835037 in ibdata file do not match the log sequence number 1835097 in the ib_logfiles!
2018-02-19  2:07:25 4856 [Note] InnoDB: Restoring possible half-written data pages from the doublewrite buffer...
2018-02-19  2:07:26 4856 [Note] InnoDB: 128 rollback segment(s) are active.
2018-02-19  2:07:26 4856 [Note] InnoDB: Waiting for purge to start
2018-02-19  2:07:26 4856 [Note] InnoDB:  Percona XtraDB (http://www.percona.com) 5.6.36-82.2 started; log sequence number 1835097
2018-02-19  2:07:26 7408 [Note] InnoDB: Dumping buffer pool(s) not yet started
2018-02-19  2:07:26 4856 [Note] Plugin 'FEEDBACK' is disabled.
2018-02-19  2:07:26 4856 [Note] Server socket created on IP: '::'.
2018-02-19  2:07:26 4856 [Note] c:\xampp\mysql\bin\mysqld.exe: ready for connections.
Version: '10.1.28-MariaDB'  socket: ''  port: 3306  mariadb.org binary distribution
2018-02-19 02:19:19 32fc InnoDB: Warning: Using innodb_additional_mem_pool_size is DEPRECATED. This option may be removed in future releases, together with the option innodb_use_sys_malloc and with the InnoDB's internal memory allocator.
2018-02-19  2:19:19 13052 [Note] InnoDB: innodb_empty_free_list_algorithm has been changed to legacy because of small buffer pool size. In order to use backoff, increase buffer pool at least up to 20MB.

2018-02-19  2:19:19 13052 [Note] InnoDB: Using mutexes to ref count buffer pool pages
2018-02-19  2:19:19 13052 [Note] InnoDB: The InnoDB memory heap is disabled
2018-02-19  2:19:19 13052 [Note] InnoDB: Mutexes and rw_locks use Windows interlocked functions
2018-02-19  2:19:19 13052 [Note] InnoDB: _mm_lfence() and _mm_sfence() are used for memory barrier
2018-02-19  2:19:19 13052 [Note] InnoDB: Compressed tables use zlib 1.2.3
2018-02-19  2:19:19 13052 [Note] InnoDB: Using generic crc32 instructions
2018-02-19  2:19:19 13052 [Note] InnoDB: Initializing buffer pool, size = 16.0M
2018-02-19  2:19:19 13052 [Note] InnoDB: Completed initialization of buffer pool
2018-02-19  2:19:19 13052 [Note] InnoDB: Highest supported file format is Barracuda.
2018-02-19  2:19:19 13052 [Note] InnoDB: The log sequence number 1835037 in ibdata file do not match the log sequence number 1835602 in the ib_logfiles!
2018-02-19  2:19:19 13052 [Note] InnoDB: Restoring possible half-written data pages from the doublewrite buffer...
2018-02-19  2:19:21 13052 [Note] InnoDB: 128 rollback segment(s) are active.
2018-02-19  2:19:21 13052 [Note] InnoDB: Waiting for purge to start
2018-02-19  2:19:21 13052 [Note] InnoDB:  Percona XtraDB (http://www.percona.com) 5.6.36-82.2 started; log sequence number 1835602
2018-02-19  2:19:21 12596 [Note] InnoDB: Dumping buffer pool(s) not yet started
2018-02-19  2:19:21 13052 [Note] Plugin 'FEEDBACK' is disabled.
2018-02-19  2:19:21 13052 [Note] Server socket created on IP: '::'.
2018-02-19  2:19:21 13052 [ERROR] mysqld.exe: Table '.\mysql\user' is marked as crashed and should be repaired
2018-02-19  2:19:21 13052 [Warning] Checking table:   '.\mysql\user'
2018-02-19  2:19:21 13052 [ERROR] mysql.user: 1 client is using or hasn't closed the table properly
2018-02-19  2:19:21 13052 [Note] c:\xampp\mysql\bin\mysqld.exe: ready for connections.
Version: '10.1.28-MariaDB'  socket: ''  port: 3306  mariadb.org binary distribution
2018-02-19 02:22:03 24c4 InnoDB: Warning: Using innodb_additional_mem_pool_size is DEPRECATED. This option may be removed in future releases, together with the option innodb_use_sys_malloc and with the InnoDB's internal memory allocator.
2018-02-19  2:22:03 9412 [Note] InnoDB: innodb_empty_free_list_algorithm has been changed to legacy because of small buffer pool size. In order to use backoff, increase buffer pool at least up to 20MB.

2018-02-19  2:22:03 9412 [Note] InnoDB: Using mutexes to ref count buffer pool pages
2018-02-19  2:22:03 9412 [Note] InnoDB: The InnoDB memory heap is disabled
2018-02-19  2:22:03 9412 [Note] InnoDB: Mutexes and rw_locks use Windows interlocked functions
2018-02-19  2:22:03 9412 [Note] InnoDB: _mm_lfence() and _mm_sfence() are used for memory barrier
2018-02-19  2:22:03 9412 [Note] InnoDB: Compressed tables use zlib 1.2.3
2018-02-19  2:22:03 9412 [Note] InnoDB: Using generic crc32 instructions
2018-02-19  2:22:03 9412 [Note] InnoDB: Initializing buffer pool, size = 16.0M
2018-02-19  2:22:03 9412 [Note] InnoDB: Completed initialization of buffer pool
2018-02-19  2:22:03 9412 [Note] InnoDB: Highest supported file format is Barracuda.
2018-02-19  2:22:03 9412 [Note] InnoDB: The log sequence number 1835037 in ibdata file do not match the log sequence number 1835612 in the ib_logfiles!
2018-02-19  2:22:03 9412 [Note] InnoDB: Restoring possible half-written data pages from the doublewrite buffer...
2018-02-19  2:22:04 9412 [Note] InnoDB: 128 rollback segment(s) are active.
2018-02-19  2:22:04 9412 [Note] InnoDB: Waiting for purge to start
2018-02-19  2:22:04 9412 [Note] InnoDB:  Percona XtraDB (http://www.percona.com) 5.6.36-82.2 started; log sequence number 1835612
2018-02-19  2:22:05 13124 [Note] InnoDB: Dumping buffer pool(s) not yet started
2018-02-19  2:22:05 9412 [Note] Plugin 'FEEDBACK' is disabled.
2018-02-19  2:22:05 9412 [Note] Server socket created on IP: '::'.
2018-02-19  2:22:05 9412 [ERROR] mysqld.exe: Table '.\mysql\user' is marked as crashed and should be repaired
2018-02-19  2:22:05 9412 [Warning] Checking table:   '.\mysql\user'
2018-02-19  2:22:05 9412 [ERROR] mysql.user: 1 client is using or hasn't closed the table properly
2018-02-19  2:22:05 9412 [Note] c:\xampp\mysql\bin\mysqld.exe: ready for connections.
Version: '10.1.28-MariaDB'  socket: ''  port: 3306  mariadb.org binary distribution
2018-02-19 11:32:49 28a4 InnoDB: Warning: Using innodb_additional_mem_pool_size is DEPRECATED. This option may be removed in future releases, together with the option innodb_use_sys_malloc and with the InnoDB's internal memory allocator.
2018-02-19 11:32:49 10404 [Note] InnoDB: innodb_empty_free_list_algorithm has been changed to legacy because of small buffer pool size. In order to use backoff, increase buffer pool at least up to 20MB.

2018-02-19 11:32:49 10404 [Note] InnoDB: Using mutexes to ref count buffer pool pages
2018-02-19 11:32:49 10404 [Note] InnoDB: The InnoDB memory heap is disabled
2018-02-19 11:32:49 10404 [Note] InnoDB: Mutexes and rw_locks use Windows interlocked functions
2018-02-19 11:32:49 10404 [Note] InnoDB: _mm_lfence() and _mm_sfence() are used for memory barrier
2018-02-19 11:32:49 10404 [Note] InnoDB: Compressed tables use zlib 1.2.3
2018-02-19 11:32:49 10404 [Note] InnoDB: Using generic crc32 instructions
2018-02-19 11:32:49 10404 [Note] InnoDB: Initializing buffer pool, size = 16.0M
2018-02-19 11:32:49 10404 [Note] InnoDB: Completed initialization of buffer pool
2018-02-19 11:32:49 10404 [Note] InnoDB: Highest supported file format is Barracuda.
2018-02-19 11:32:49 10404 [Note] InnoDB: The log sequence number 1835037 in ibdata file do not match the log sequence number 1935740 in the ib_logfiles!
2018-02-19 11:32:49 10404 [Note] InnoDB: Restoring possible half-written data pages from the doublewrite buffer...
2018-02-19 11:32:50 10404 [Note] InnoDB: 128 rollback segment(s) are active.
2018-02-19 11:32:50 10404 [Note] InnoDB: Waiting for purge to start
2018-02-19 11:32:50 10404 [Note] InnoDB:  Percona XtraDB (http://www.percona.com) 5.6.36-82.2 started; log sequence number 1935740
2018-02-19 11:32:50 12548 [Note] InnoDB: Dumping buffer pool(s) not yet started
2018-02-19 11:32:50 10404 [Note] Plugin 'FEEDBACK' is disabled.
2018-02-19 11:32:50 10404 [Note] Server socket created on IP: '::'.
2018-02-19 11:32:50 10404 [ERROR] mysqld.exe: Table '.\mysql\user' is marked as crashed and should be repaired
2018-02-19 11:32:50 10404 [Warning] Checking table:   '.\mysql\user'
2018-02-19 11:32:50 10404 [ERROR] mysql.user: 1 client is using or hasn't closed the table properly
2018-02-19 11:32:50 10404 [Note] c:\xampp\mysql\bin\mysqld.exe: ready for connections.
Version: '10.1.28-MariaDB'  socket: ''  port: 3306  mariadb.org binary distribution
2018-02-19 11:33:20 3b38 InnoDB: Warning: Using innodb_additional_mem_pool_size is DEPRECATED. This option may be removed in future releases, together with the option innodb_use_sys_malloc and with the InnoDB's internal memory allocator.
2018-02-19 11:33:20 15160 [Note] InnoDB: innodb_empty_free_list_algorithm has been changed to legacy because of small buffer pool size. In order to use backoff, increase buffer pool at least up to 20MB.

2018-02-19 11:33:20 15160 [Note] InnoDB: Using mutexes to ref count buffer pool pages
2018-02-19 11:33:20 15160 [Note] InnoDB: The InnoDB memory heap is disabled
2018-02-19 11:33:20 15160 [Note] InnoDB: Mutexes and rw_locks use Windows interlocked functions
2018-02-19 11:33:20 15160 [Note] InnoDB: _mm_lfence() and _mm_sfence() are used for memory barrier
2018-02-19 11:33:20 15160 [Note] InnoDB: Compressed tables use zlib 1.2.3
2018-02-19 11:33:20 15160 [Note] InnoDB: Using generic crc32 instructions
2018-02-19 11:33:20 15160 [Note] InnoDB: Initializing buffer pool, size = 16.0M
2018-02-19 11:33:20 15160 [Note] InnoDB: Completed initialization of buffer pool
2018-02-19 11:33:20 15160 [Note] InnoDB: Highest supported file format is Barracuda.
2018-02-19 11:33:20 15160 [Note] InnoDB: The log sequence number 1835037 in ibdata file do not match the log sequence number 1935750 in the ib_logfiles!
2018-02-19 11:33:21 15160 [Note] InnoDB: Restoring possible half-written data pages from the doublewrite buffer...
2018-02-19 11:33:21 15160 [Note] InnoDB: 128 rollback segment(s) are active.
2018-02-19 11:33:21 15160 [Note] InnoDB: Waiting for purge to start
2018-02-19 11:33:21 15160 [Note] InnoDB:  Percona XtraDB (http://www.percona.com) 5.6.36-82.2 started; log sequence number 1935750
2018-02-19 11:33:22 16592 [Note] InnoDB: Dumping buffer pool(s) not yet started
2018-02-19 11:33:22 15160 [Note] Plugin 'FEEDBACK' is disabled.
2018-02-19 11:33:22 15160 [Note] Server socket created on IP: '::'.
2018-02-19 11:33:22 15160 [Note] c:\xampp\mysql\bin\mysqld.exe: ready for connections.
Version: '10.1.28-MariaDB'  socket: ''  port: 3306  mariadb.org binary distribution
2018-02-20 22:30:33 9488 [Warning] IP address '61.158.163.93' has been resolved to the host name '93.163.158.61.ha.cnc', which resembles IPv4-address itself.
2018-02-20 23:03:07 36ec InnoDB: Warning: Using innodb_additional_mem_pool_size is DEPRECATED. This option may be removed in future releases, together with the option innodb_use_sys_malloc and with the InnoDB's internal memory allocator.
2018-02-20 23:03:07 14060 [Note] InnoDB: innodb_empty_free_list_algorithm has been changed to legacy because of small buffer pool size. In order to use backoff, increase buffer pool at least up to 20MB.

2018-02-20 23:03:07 14060 [Note] InnoDB: Using mutexes to ref count buffer pool pages
2018-02-20 23:03:07 14060 [Note] InnoDB: The InnoDB memory heap is disabled
2018-02-20 23:03:07 14060 [Note] InnoDB: Mutexes and rw_locks use Windows interlocked functions
2018-02-20 23:03:07 14060 [Note] InnoDB: _mm_lfence() and _mm_sfence() are used for memory barrier
2018-02-20 23:03:07 14060 [Note] InnoDB: Compressed tables use zlib 1.2.3
2018-02-20 23:03:07 14060 [Note] InnoDB: Using generic crc32 instructions
2018-02-20 23:03:07 14060 [Note] InnoDB: Initializing buffer pool, size = 16.0M
2018-02-20 23:03:07 14060 [Note] InnoDB: Completed initialization of buffer pool
2018-02-20 23:03:07 14060 [Note] InnoDB: Highest supported file format is Barracuda.
2018-02-20 23:03:07 14060 [Note] InnoDB: The log sequence number 1835037 in ibdata file do not match the log sequence number 2097300 in the ib_logfiles!
2018-02-20 23:03:07 14060 [Note] InnoDB: Restoring possible half-written data pages from the doublewrite buffer...
2018-02-20 23:03:09 14060 [Note] InnoDB: 128 rollback segment(s) are active.
2018-02-20 23:03:09 14060 [Note] InnoDB: Waiting for purge to start
2018-02-20 23:03:09 14060 [Note] InnoDB:  Percona XtraDB (http://www.percona.com) 5.6.36-82.2 started; log sequence number 2097300
2018-02-20 23:03:09 3528 [Note] InnoDB: Dumping buffer pool(s) not yet started
2018-02-20 23:03:09 14060 [Note] Plugin 'FEEDBACK' is disabled.
2018-02-20 23:03:09 14060 [Note] Server socket created on IP: '::'.
2018-02-20 23:03:09 14060 [Note] c:\xampp\mysql\bin\mysqld.exe: ready for connections.
Version: '10.1.28-MariaDB'  socket: ''  port: 3306  mariadb.org binary distribution
2018-02-21 11:19:48 8328 [Warning] Host name 'hongkong.ipcname.com' could not be resolved: Host desconocido. 
2018-02-21 11:20:15 8944 [Warning] IP address '222.186.138.65' could not be resolved: Host desconocido. 
2018-02-21 11:51:21 15096 [Warning] IP address '114.118.18.251' could not be resolved: Host desconocido. 
2018-02-21 12:24:16 15096 [Warning] IP address '222.186.57.25' could not be resolved: Host desconocido. 
2018-02-21 14:29:01 8040 [Warning] IP address '196.52.43.62' could not be resolved: Host desconocido. 
2018-02-21 14:57:40 3688 [Warning] IP address '61.158.163.211' has been resolved to the host name '211.163.158.61.ha.cnc', which resembles IPv4-address itself.
2018-02-21 17:10:21 11676 [Warning] IP address '219.137.226.75' could not be resolved: Host desconocido. 
2018-02-21 23:07:47 14404 [Warning] IP address '61.158.163.210' has been resolved to the host name '210.163.158.61.ha.cnc', which resembles IPv4-address itself.
2018-02-22  2:10:36 9756 [Warning] IP address '61.147.112.11' could not be resolved: Host desconocido. 
2018-02-22  2:57:17 9756 [Warning] IP address '164.52.6.148' could not be resolved: Éste es normalmente un error temporal durante la resolución de nombres de host y significa que el servidor local no recibió una respuesta de un servidor autoritativo. 
2018-02-22  2:57:17 2420 [Warning] IP address '164.52.6.148' could not be resolved: Éste es normalmente un error temporal durante la resolución de nombres de host y significa que el servidor local no recibió una respuesta de un servidor autoritativo. 
2018-02-22  2:57:20 7424 [Warning] IP address '164.52.6.148' could not be resolved: Éste es normalmente un error temporal durante la resolución de nombres de host y significa que el servidor local no recibió una respuesta de un servidor autoritativo. 
2018-02-22  2:57:24 2420 [Warning] IP address '164.52.6.148' could not be resolved: Éste es normalmente un error temporal durante la resolución de nombres de host y significa que el servidor local no recibió una respuesta de un servidor autoritativo. 
2018-02-22  2:57:27 7424 [Warning] IP address '164.52.6.148' could not be resolved: Éste es normalmente un error temporal durante la resolución de nombres de host y significa que el servidor local no recibió una respuesta de un servidor autoritativo. 
2018-02-22  7:12:38 4664 [Warning] IP address '111.67.201.141' could not be resolved: Éste es normalmente un error temporal durante la resolución de nombres de host y significa que el servidor local no recibió una respuesta de un servidor autoritativo. 
2018-02-22  7:12:38 15576 [Warning] IP address '111.67.201.141' could not be resolved: Éste es normalmente un error temporal durante la resolución de nombres de host y significa que el servidor local no recibió una respuesta de un servidor autoritativo. 
2018-02-22  7:14:23 15576 [Warning] IP address '111.67.201.141' could not be resolved: Éste es normalmente un error temporal durante la resolución de nombres de host y significa que el servidor local no recibió una respuesta de un servidor autoritativo. 
2018-02-22 10:22:32 3796 [Warning] IP address '61.158.163.93' has been resolved to the host name '93.163.158.61.ha.cnc', which resembles IPv4-address itself.
2018-02-22 13:11:16 16584 [Warning] IP address '115.231.218.80' could not be resolved: Host desconocido. 
2018-02-22 14:05:32 3796 [Warning] IP address '196.52.43.105' could not be resolved: Host desconocido. 
2018-02-22 14:24:04 3796 [Warning] IP address '61.158.163.93' has been resolved to the host name '93.163.158.61.ha.cnc', which resembles IPv4-address itself.
2018-02-22 17:06:37 3796 [Warning] IP address '122.114.48.15' could not be resolved: Éste es normalmente un error temporal durante la resolución de nombres de host y significa que el servidor local no recibió una respuesta de un servidor autoritativo. 
2018-02-22 17:28:11 7244 [Warning] IP address '58.215.225.174' could not be resolved: Host desconocido. 
2018-02-22 18:28:45 11880 [Warning] IP address '58.215.65.231' could not be resolved: Host desconocido. 
2018-02-22 18:34:32 11880 [Warning] IP address '61.158.163.93' has been resolved to the host name '93.163.158.61.ha.cnc', which resembles IPv4-address itself.
2018-02-22 19:42:41 3796 [Warning] IP address '60.165.208.28' has been resolved to the host name '28.208.165.60.dail.dx.gs.dynamic.163data.com.cn', which resembles IPv4-address itself.
2018-02-22 21:00:05 6128 [Warning] IP address '60.182.39.96' has been resolved to the host name '96.39.182.60.broad.jh.zj.dynamic.163data.com.cn', which resembles IPv4-address itself.
2018-02-22 22:29:06 13056 [Warning] IP address '111.67.201.141' could not be resolved: Éste es normalmente un error temporal durante la resolución de nombres de host y significa que el servidor local no recibió una respuesta de un servidor autoritativo. 
2018-02-22 22:29:06 17280 [Warning] IP address '111.67.201.141' could not be resolved: Éste es normalmente un error temporal durante la resolución de nombres de host y significa que el servidor local no recibió una respuesta de un servidor autoritativo. 
2018-02-22 22:29:48 17280 [Warning] IP address '111.67.201.141' could not be resolved: Éste es normalmente un error temporal durante la resolución de nombres de host y significa que el servidor local no recibió una respuesta de un servidor autoritativo. 
2018-02-22 23:01:09 13280 [Warning] IP address '61.158.163.93' has been resolved to the host name '93.163.158.61.ha.cnc', which resembles IPv4-address itself.
